<?xml version="1.0" encoding="UTF-8"?>
<!-- Generated by org.testng.reporters.JUnitReportReporter -->
<testsuite hostname="macs-MBP.home" failures="0" tests="2" name="tests.ApiAutomationTest" time="2.060" errors="0" timestamp="2024-08-09T12:51:14 CEST" skipped="0">
  <testcase classname="tests.ApiAutomationTest" name="testGetApi" time="1.509"/>
  <system-out/>
  <testcase classname="tests.ApiAutomationTest" name="testPostApi" time="0.551"/>
  <system-out/>
</testsuite> <!-- tests.ApiAutomationTest -->
